<?xml version="1.0" encoding="UTF-8"?>
<testsuite xmlns:xsi="http://www.w3.org/2001/XMLSchema-instance" xsi:noNamespaceSchemaLocation="https://maven.apache.org/surefire/maven-surefire-plugin/xsd/surefire-test-report.xsd" name="com.xuecheng.test.DemoTest" time="12.404" tests="1" errors="0" skipped="0" failures="0">
  <properties>
    <property name="sun.desktop" value="windows"/>
    <property name="awt.toolkit" value="sun.awt.windows.WToolkit"/>
    <property name="file.encoding.pkg" value="sun.io"/>
    <property name="java.specification.version" value="1.8"/>
    <property name="sun.cpu.isalist" value="amd64"/>
    <property name="sun.jnu.encoding" value="GBK"/>
    <property name="java.class.path" value="G:\BaiduNetdiskDownload\heima-workspace\xc-service-provider\target\test-classes;G:\BaiduNetdiskDownload\heima-workspace\xc-service-provider\target\classes;G:\BaiduNetdiskDownload\repository3\com\xuecheng\xc-service-api\1.0-SNAPSHOT\xc-service-api-1.0-SNAPSHOT.jar;G:\BaiduNetdiskDownload\repository3\commons-fileupload\commons-fileupload\1.3.3\commons-fileupload-1.3.3.jar;G:\BaiduNetdiskDownload\repository3\io\springfox\springfox-swagger2\2.7.0\springfox-swagger2-2.7.0.jar;G:\BaiduNetdiskDownload\repository3\io\swagger\swagger-annotations\1.5.13\swagger-annotations-1.5.13.jar;G:\BaiduNetdiskDownload\repository3\io\swagger\swagger-models\1.5.13\swagger-models-1.5.13.jar;G:\BaiduNetdiskDownload\repository3\io\springfox\springfox-spi\2.7.0\springfox-spi-2.7.0.jar;G:\BaiduNetdiskDownload\repository3\io\springfox\springfox-core\2.7.0\springfox-core-2.7.0.jar;G:\BaiduNetdiskDownload\repository3\io\springfox\springfox-schema\2.7.0\springfox-schema-2.7.0.jar;G:\BaiduNetdiskDownload\repository3\io\springfox\springfox-swagger-common\2.7.0\springfox-swagger-common-2.7.0.jar;G:\BaiduNetdiskDownload\repository3\io\springfox\springfox-spring-web\2.7.0\springfox-spring-web-2.7.0.jar;G:\BaiduNetdiskDownload\repository3\org\reflections\reflections\0.9.11\reflections-0.9.11.jar;G:\BaiduNetdiskDownload\repository3\com\fasterxml\classmate\1.3.4\classmate-1.3.4.jar;G:\BaiduNetdiskDownload\repository3\org\springframework\plugin\spring-plugin-core\1.2.0.RELEASE\spring-plugin-core-1.2.0.RELEASE.jar;G:\BaiduNetdiskDownload\repository3\org\springframework\plugin\spring-plugin-metadata\1.2.0.RELEASE\spring-plugin-metadata-1.2.0.RELEASE.jar;G:\BaiduNetdiskDownload\repository3\org\mapstruct\mapstruct\1.1.0.Final\mapstruct-1.1.0.Final.jar;G:\BaiduNetdiskDownload\repository3\io\springfox\springfox-swagger-ui\2.7.0\springfox-swagger-ui-2.7.0.jar;G:\BaiduNetdiskDownload\repository3\com\alibaba\fastjson\1.2.30\fastjson-1.2.30.jar;G:\BaiduNetdiskDownload\repository3\commons-io\commons-io\2.6\commons-io-2.6.jar;G:\BaiduNetdiskDownload\repository3\org\apache\commons\commons-lang3\3.6\commons-lang3-3.6.jar;G:\BaiduNetdiskDownload\heima-workspace\xc-framework-model\target\xc-framework-model-1.0-SNAPSHOT.jar;G:\BaiduNetdiskDownload\repository3\org\projectlombok\lombok\1.16.16\lombok-1.16.16.jar;G:\BaiduNetdiskDownload\repository3\org\springframework\data\spring-data-commons\2.0.6.RELEASE\spring-data-commons-2.0.6.RELEASE.jar;G:\BaiduNetdiskDownload\repository3\org\springframework\spring-beans\5.0.5.RELEASE\spring-beans-5.0.5.RELEASE.jar;G:\BaiduNetdiskDownload\repository3\org\springframework\data\spring-data-mongodb\2.0.6.RELEASE\spring-data-mongodb-2.0.6.RELEASE.jar;G:\BaiduNetdiskDownload\repository3\org\springframework\spring-tx\5.0.5.RELEASE\spring-tx-5.0.5.RELEASE.jar;G:\BaiduNetdiskDownload\repository3\org\springframework\spring-context\5.0.5.RELEASE\spring-context-5.0.5.RELEASE.jar;G:\BaiduNetdiskDownload\repository3\org\springframework\spring-expression\5.0.5.RELEASE\spring-expression-5.0.5.RELEASE.jar;G:\BaiduNetdiskDownload\repository3\org\mongodb\mongo-java-driver\3.6.3\mongo-java-driver-3.6.3.jar;G:\BaiduNetdiskDownload\repository3\org\hibernate\hibernate-core\5.2.16.Final\hibernate-core-5.2.16.Final.jar;G:\BaiduNetdiskDownload\repository3\org\jboss\logging\jboss-logging\3.3.2.Final\jboss-logging-3.3.2.Final.jar;G:\BaiduNetdiskDownload\repository3\org\hibernate\javax\persistence\hibernate-jpa-2.1-api\1.0.0.Final\hibernate-jpa-2.1-api-1.0.0.Final.jar;G:\BaiduNetdiskDownload\repository3\org\javassist\javassist\3.22.0-GA\javassist-3.22.0-GA.jar;G:\BaiduNetdiskDownload\repository3\antlr\antlr\2.7.7\antlr-2.7.7.jar;G:\BaiduNetdiskDownload\repository3\org\jboss\spec\javax\transaction\jboss-transaction-api_1.2_spec\1.0.1.Final\jboss-transaction-api_1.2_spec-1.0.1.Final.jar;G:\BaiduNetdiskDownload\repository3\org\jboss\jandex\2.0.3.Final\jandex-2.0.3.Final.jar;G:\BaiduNetdiskDownload\repository3\dom4j\dom4j\1.6.1\dom4j-1.6.1.jar;G:\BaiduNetdiskDownload\repository3\org\hibernate\common\hibernate-commons-annotations\5.0.1.Final\hibernate-commons-annotations-5.0.1.Final.jar;G:\BaiduNetdiskDownload\repository3\com\google\guava\guava\24.0-jre\guava-24.0-jre.jar;G:\BaiduNetdiskDownload\repository3\com\google\code\findbugs\jsr305\1.3.9\jsr305-1.3.9.jar;G:\BaiduNetdiskDownload\repository3\org\checkerframework\checker-compat-qual\2.0.0\checker-compat-qual-2.0.0.jar;G:\BaiduNetdiskDownload\repository3\com\google\errorprone\error_prone_annotations\2.1.3\error_prone_annotations-2.1.3.jar;G:\BaiduNetdiskDownload\repository3\com\google\j2objc\j2objc-annotations\1.1\j2objc-annotations-1.1.jar;G:\BaiduNetdiskDownload\repository3\org\codehaus\mojo\animal-sniffer-annotations\1.14\animal-sniffer-annotations-1.14.jar;G:\BaiduNetdiskDownload\heima-workspace\xc-framework-utils\target\xc-framework-utils-1.0-SNAPSHOT.jar;G:\BaiduNetdiskDownload\repository3\javax\servlet\javax.servlet-api\3.1.0\javax.servlet-api-3.1.0.jar;G:\BaiduNetdiskDownload\repository3\org\springframework\boot\spring-boot-starter-logging\2.0.1.RELEASE\spring-boot-starter-logging-2.0.1.RELEASE.jar;G:\BaiduNetdiskDownload\repository3\ch\qos\logback\logback-classic\1.2.3\logback-classic-1.2.3.jar;G:\BaiduNetdiskDownload\repository3\ch\qos\logback\logback-core\1.2.3\logback-core-1.2.3.jar;G:\BaiduNetdiskDownload\repository3\org\apache\logging\log4j\log4j-to-slf4j\2.10.0\log4j-to-slf4j-2.10.0.jar;G:\BaiduNetdiskDownload\repository3\org\apache\logging\log4j\log4j-api\2.10.0\log4j-api-2.10.0.jar;G:\BaiduNetdiskDownload\repository3\org\slf4j\jul-to-slf4j\1.7.25\jul-to-slf4j-1.7.25.jar;G:\BaiduNetdiskDownload\repository3\org\apache\httpcomponents\httpclient\4.5.5\httpclient-4.5.5.jar;G:\BaiduNetdiskDownload\repository3\org\apache\httpcomponents\httpcore\4.4.9\httpcore-4.4.9.jar;G:\BaiduNetdiskDownload\repository3\commons-codec\commons-codec\1.10\commons-codec-1.10.jar;G:\BaiduNetdiskDownload\repository3\net\lingala\zip4j\zip4j\1.3.1\zip4j-1.3.1.jar;G:\BaiduNetdiskDownload\repository3\org\springframework\security\spring-security-crypto\5.0.4.RELEASE\spring-security-crypto-5.0.4.RELEASE.jar;G:\BaiduNetdiskDownload\repository3\org\springframework\security\spring-security-jwt\1.0.8.RELEASE\spring-security-jwt-1.0.8.RELEASE.jar;G:\BaiduNetdiskDownload\repository3\org\bouncycastle\bcpkix-jdk15on\1.56\bcpkix-jdk15on-1.56.jar;G:\BaiduNetdiskDownload\repository3\org\bouncycastle\bcprov-jdk15on\1.56\bcprov-jdk15on-1.56.jar;G:\BaiduNetdiskDownload\repository3\org\springframework\spring-core\5.0.5.RELEASE\spring-core-5.0.5.RELEASE.jar;G:\BaiduNetdiskDownload\repository3\org\springframework\spring-jcl\5.0.5.RELEASE\spring-jcl-5.0.5.RELEASE.jar;G:\BaiduNetdiskDownload\repository3\com\google\code\gson\gson\2.8.2\gson-2.8.2.jar;G:\BaiduNetdiskDownload\repository3\com\fasterxml\jackson\core\jackson-databind\2.9.5\jackson-databind-2.9.5.jar;G:\BaiduNetdiskDownload\repository3\com\fasterxml\jackson\core\jackson-annotations\2.9.0\jackson-annotations-2.9.0.jar;G:\BaiduNetdiskDownload\repository3\com\fasterxml\jackson\core\jackson-core\2.9.5\jackson-core-2.9.5.jar;G:\BaiduNetdiskDownload\repository3\org\springframework\spring-web\5.0.5.RELEASE\spring-web-5.0.5.RELEASE.jar;G:\BaiduNetdiskDownload\repository3\net\oschina\zcx7878\fastdfs-client-java\1.27.0.0\fastdfs-client-java-1.27.0.0.jar;G:\BaiduNetdiskDownload\heima-workspace\xc-framework-common\target\xc-framework-common-1.0-SNAPSHOT.jar;G:\BaiduNetdiskDownload\repository3\org\jodd\jodd-bean\3.8.6\jodd-bean-3.8.6.jar;G:\BaiduNetdiskDownload\repository3\org\jodd\jodd-core\3.8.6\jodd-core-3.8.6.jar;G:\BaiduNetdiskDownload\repository3\org\apache\poi\poi\3.10-beta1\poi-3.10-beta1.jar;G:\BaiduNetdiskDownload\repository3\org\apache\poi\poi-ooxml\3.10-FINAL\poi-ooxml-3.10-FINAL.jar;G:\BaiduNetdiskDownload\repository3\org\apache\poi\poi-ooxml-schemas\3.10-FINAL\poi-ooxml-schemas-3.10-FINAL.jar;G:\BaiduNetdiskDownload\repository3\org\apache\xmlbeans\xmlbeans\2.3.0\xmlbeans-2.3.0.jar;G:\BaiduNetdiskDownload\repository3\stax\stax-api\1.0.1\stax-api-1.0.1.jar;G:\BaiduNetdiskDownload\repository3\net\sourceforge\jexcelapi\jxl\2.6.12\jxl-2.6.12.jar;G:\BaiduNetdiskDownload\repository3\log4j\log4j\1.2.14\log4j-1.2.14.jar;G:\BaiduNetdiskDownload\repository3\org\springframework\boot\spring-boot-starter-web\2.0.1.RELEASE\spring-boot-starter-web-2.0.1.RELEASE.jar;G:\BaiduNetdiskDownload\repository3\org\springframework\boot\spring-boot-starter\2.0.1.RELEASE\spring-boot-starter-2.0.1.RELEASE.jar;G:\BaiduNetdiskDownload\repository3\javax\annotation\javax.annotation-api\1.3.2\javax.annotation-api-1.3.2.jar;G:\BaiduNetdiskDownload\repository3\org\yaml\snakeyaml\1.19\snakeyaml-1.19.jar;G:\BaiduNetdiskDownload\repository3\org\springframework\boot\spring-boot-starter-json\2.0.1.RELEASE\spring-boot-starter-json-2.0.1.RELEASE.jar;G:\BaiduNetdiskDownload\repository3\com\fasterxml\jackson\datatype\jackson-datatype-jdk8\2.9.5\jackson-datatype-jdk8-2.9.5.jar;G:\BaiduNetdiskDownload\repository3\com\fasterxml\jackson\datatype\jackson-datatype-jsr310\2.9.5\jackson-datatype-jsr310-2.9.5.jar;G:\BaiduNetdiskDownload\repository3\com\fasterxml\jackson\module\jackson-module-parameter-names\2.9.5\jackson-module-parameter-names-2.9.5.jar;G:\BaiduNetdiskDownload\repository3\org\springframework\boot\spring-boot-starter-tomcat\2.0.1.RELEASE\spring-boot-starter-tomcat-2.0.1.RELEASE.jar;G:\BaiduNetdiskDownload\repository3\org\apache\tomcat\embed\tomcat-embed-core\8.5.28\tomcat-embed-core-8.5.28.jar;G:\BaiduNetdiskDownload\repository3\org\apache\tomcat\embed\tomcat-embed-el\8.5.28\tomcat-embed-el-8.5.28.jar;G:\BaiduNetdiskDownload\repository3\org\apache\tomcat\embed\tomcat-embed-websocket\8.5.28\tomcat-embed-websocket-8.5.28.jar;G:\BaiduNetdiskDownload\repository3\org\hibernate\validator\hibernate-validator\6.0.9.Final\hibernate-validator-6.0.9.Final.jar;G:\BaiduNetdiskDownload\repository3\javax\validation\validation-api\2.0.1.Final\validation-api-2.0.1.Final.jar;G:\BaiduNetdiskDownload\repository3\org\springframework\spring-webmvc\5.0.5.RELEASE\spring-webmvc-5.0.5.RELEASE.jar;G:\BaiduNetdiskDownload\repository3\org\springframework\spring-aop\5.0.5.RELEASE\spring-aop-5.0.5.RELEASE.jar;G:\BaiduNetdiskDownload\repository3\org\springframework\boot\spring-boot-starter-freemarker\2.0.1.RELEASE\spring-boot-starter-freemarker-2.0.1.RELEASE.jar;G:\BaiduNetdiskDownload\repository3\org\freemarker\freemarker\2.3.28\freemarker-2.3.28.jar;G:\BaiduNetdiskDownload\repository3\org\springframework\spring-context-support\5.0.5.RELEASE\spring-context-support-5.0.5.RELEASE.jar;G:\BaiduNetdiskDownload\repository3\org\springframework\boot\spring-boot-starter-amqp\2.0.1.RELEASE\spring-boot-starter-amqp-2.0.1.RELEASE.jar;G:\BaiduNetdiskDownload\repository3\org\springframework\spring-messaging\5.0.5.RELEASE\spring-messaging-5.0.5.RELEASE.jar;G:\BaiduNetdiskDownload\repository3\org\springframework\amqp\spring-rabbit\2.0.3.RELEASE\spring-rabbit-2.0.3.RELEASE.jar;G:\BaiduNetdiskDownload\repository3\org\springframework\amqp\spring-amqp\2.0.3.RELEASE\spring-amqp-2.0.3.RELEASE.jar;G:\BaiduNetdiskDownload\repository3\com\rabbitmq\amqp-client\5.1.2\amqp-client-5.1.2.jar;G:\BaiduNetdiskDownload\repository3\com\rabbitmq\http-client\2.0.1.RELEASE\http-client-2.0.1.RELEASE.jar;G:\BaiduNetdiskDownload\repository3\org\springframework\spring-webflux\5.0.5.RELEASE\spring-webflux-5.0.5.RELEASE.jar;G:\BaiduNetdiskDownload\repository3\io\projectreactor\reactor-core\3.1.6.RELEASE\reactor-core-3.1.6.RELEASE.jar;G:\BaiduNetdiskDownload\repository3\org\reactivestreams\reactive-streams\1.0.2\reactive-streams-1.0.2.jar;G:\BaiduNetdiskDownload\repository3\io\projectreactor\ipc\reactor-netty\0.7.6.RELEASE\reactor-netty-0.7.6.RELEASE.jar;G:\BaiduNetdiskDownload\repository3\io\netty\netty-codec-http\4.1.23.Final\netty-codec-http-4.1.23.Final.jar;G:\BaiduNetdiskDownload\repository3\io\netty\netty-codec\4.1.23.Final\netty-codec-4.1.23.Final.jar;G:\BaiduNetdiskDownload\repository3\io\netty\netty-handler\4.1.23.Final\netty-handler-4.1.23.Final.jar;G:\BaiduNetdiskDownload\repository3\io\netty\netty-buffer\4.1.23.Final\netty-buffer-4.1.23.Final.jar;G:\BaiduNetdiskDownload\repository3\io\netty\netty-transport\4.1.23.Final\netty-transport-4.1.23.Final.jar;G:\BaiduNetdiskDownload\repository3\io\netty\netty-resolver\4.1.23.Final\netty-resolver-4.1.23.Final.jar;G:\BaiduNetdiskDownload\repository3\io\netty\netty-handler-proxy\4.1.23.Final\netty-handler-proxy-4.1.23.Final.jar;G:\BaiduNetdiskDownload\repository3\io\netty\netty-codec-socks\4.1.23.Final\netty-codec-socks-4.1.23.Final.jar;G:\BaiduNetdiskDownload\repository3\io\netty\netty-transport-native-epoll\4.1.23.Final\netty-transport-native-epoll-4.1.23.Final.jar;G:\BaiduNetdiskDownload\repository3\io\netty\netty-common\4.1.23.Final\netty-common-4.1.23.Final.jar;G:\BaiduNetdiskDownload\repository3\io\netty\netty-transport-native-unix-common\4.1.23.Final\netty-transport-native-unix-common-4.1.23.Final.jar;G:\BaiduNetdiskDownload\repository3\org\springframework\retry\spring-retry\1.2.2.RELEASE\spring-retry-1.2.2.RELEASE.jar;G:\BaiduNetdiskDownload\repository3\com\squareup\okhttp3\okhttp\3.9.1\okhttp-3.9.1.jar;G:\BaiduNetdiskDownload\repository3\com\squareup\okio\okio\1.13.0\okio-1.13.0.jar;G:\BaiduNetdiskDownload\repository3\com\github\pagehelper\pagehelper-spring-boot-starter\1.2.4\pagehelper-spring-boot-starter-1.2.4.jar;G:\BaiduNetdiskDownload\repository3\com\github\pagehelper\pagehelper-spring-boot-autoconfigure\1.2.4\pagehelper-spring-boot-autoconfigure-1.2.4.jar;G:\BaiduNetdiskDownload\repository3\com\github\pagehelper\pagehelper\5.1.3\pagehelper-5.1.3.jar;G:\BaiduNetdiskDownload\repository3\com\github\jsqlparser\jsqlparser\1.0\jsqlparser-1.0.jar;G:\BaiduNetdiskDownload\repository3\org\springframework\boot\spring-boot-starter-test\2.0.1.RELEASE\spring-boot-starter-test-2.0.1.RELEASE.jar;G:\BaiduNetdiskDownload\repository3\org\springframework\boot\spring-boot-test\2.0.1.RELEASE\spring-boot-test-2.0.1.RELEASE.jar;G:\BaiduNetdiskDownload\repository3\org\springframework\boot\spring-boot-test-autoconfigure\2.0.1.RELEASE\spring-boot-test-autoconfigure-2.0.1.RELEASE.jar;G:\BaiduNetdiskDownload\repository3\com\jayway\jsonpath\json-path\2.4.0\json-path-2.4.0.jar;G:\BaiduNetdiskDownload\repository3\net\minidev\json-smart\2.3\json-smart-2.3.jar;G:\BaiduNetdiskDownload\repository3\net\minidev\accessors-smart\1.2\accessors-smart-1.2.jar;G:\BaiduNetdiskDownload\repository3\org\ow2\asm\asm\5.0.4\asm-5.0.4.jar;G:\BaiduNetdiskDownload\repository3\junit\junit\4.12\junit-4.12.jar;G:\BaiduNetdiskDownload\repository3\org\assertj\assertj-core\3.9.1\assertj-core-3.9.1.jar;G:\BaiduNetdiskDownload\repository3\org\mockito\mockito-core\2.15.0\mockito-core-2.15.0.jar;G:\BaiduNetdiskDownload\repository3\net\bytebuddy\byte-buddy\1.7.11\byte-buddy-1.7.11.jar;G:\BaiduNetdiskDownload\repository3\net\bytebuddy\byte-buddy-agent\1.7.11\byte-buddy-agent-1.7.11.jar;G:\BaiduNetdiskDownload\repository3\org\objenesis\objenesis\2.6\objenesis-2.6.jar;G:\BaiduNetdiskDownload\repository3\org\hamcrest\hamcrest-core\1.3\hamcrest-core-1.3.jar;G:\BaiduNetdiskDownload\repository3\org\hamcrest\hamcrest-library\1.3\hamcrest-library-1.3.jar;G:\BaiduNetdiskDownload\repository3\org\skyscreamer\jsonassert\1.5.0\jsonassert-1.5.0.jar;G:\BaiduNetdiskDownload\repository3\com\vaadin\external\google\android-json\0.0.20131108.vaadin1\android-json-0.0.20131108.vaadin1.jar;G:\BaiduNetdiskDownload\repository3\org\springframework\spring-test\5.0.5.RELEASE\spring-test-5.0.5.RELEASE.jar;G:\BaiduNetdiskDownload\repository3\org\xmlunit\xmlunit-core\2.5.1\xmlunit-core-2.5.1.jar;G:\BaiduNetdiskDownload\repository3\org\mybatis\spring\boot\mybatis-spring-boot-starter\1.1.1\mybatis-spring-boot-starter-1.1.1.jar;G:\BaiduNetdiskDownload\repository3\org\mybatis\spring\boot\mybatis-spring-boot-autoconfigure\1.1.1\mybatis-spring-boot-autoconfigure-1.1.1.jar;G:\BaiduNetdiskDownload\repository3\org\mybatis\mybatis\3.4.0\mybatis-3.4.0.jar;G:\BaiduNetdiskDownload\repository3\org\mybatis\mybatis-spring\1.3.0\mybatis-spring-1.3.0.jar;G:\BaiduNetdiskDownload\repository3\org\springframework\boot\spring-boot-starter-jdbc\2.0.1.RELEASE\spring-boot-starter-jdbc-2.0.1.RELEASE.jar;G:\BaiduNetdiskDownload\repository3\com\zaxxer\HikariCP\2.7.8\HikariCP-2.7.8.jar;G:\BaiduNetdiskDownload\repository3\org\springframework\spring-jdbc\5.0.5.RELEASE\spring-jdbc-5.0.5.RELEASE.jar;G:\BaiduNetdiskDownload\repository3\mysql\mysql-connector-java\5.1.40\mysql-connector-java-5.1.40.jar;G:\BaiduNetdiskDownload\repository3\org\springframework\boot\spring-boot-devtools\2.0.1.RELEASE\spring-boot-devtools-2.0.1.RELEASE.jar;G:\BaiduNetdiskDownload\repository3\org\springframework\boot\spring-boot\2.0.1.RELEASE\spring-boot-2.0.1.RELEASE.jar;G:\BaiduNetdiskDownload\repository3\org\springframework\boot\spring-boot-autoconfigure\2.0.1.RELEASE\spring-boot-autoconfigure-2.0.1.RELEASE.jar;G:\BaiduNetdiskDownload\repository3\com\alibaba\druid-spring-boot-starter\1.1.9\druid-spring-boot-starter-1.1.9.jar;G:\BaiduNetdiskDownload\repository3\com\alibaba\druid\1.1.6\druid-1.1.6.jar;G:\BaiduNetdiskDownload\repository3\org\slf4j\slf4j-api\1.7.10\slf4j-api-1.7.10.jar;"/>
    <property name="java.vm.vendor" value="Oracle Corporation"/>
    <property name="sun.arch.data.model" value="64"/>
    <property name="user.variant" value=""/>
    <property name="java.vendor.url" value="http://java.oracle.com/"/>
    <property name="user.timezone" value=""/>
    <property name="java.vm.specification.version" value="1.8"/>
    <property name="os.name" value="Windows 10"/>
    <property name="user.country" value="CN"/>
    <property name="sun.java.launcher" value="SUN_STANDARD"/>
    <property name="sun.boot.library.path" value="E:\java\jdk1.8.0_131\jre\bin"/>
    <property name="sun.java.command" value="C:\Users\LZY\AppData\Local\Temp\surefire7468737754766244945\surefirebooter4997745106285850092.jar C:\Users\LZY\AppData\Local\Temp\surefire7468737754766244945 2020-04-22T16-22-52_256-jvmRun1 surefire4537123511301645390tmp surefire_04986644651720302944tmp"/>
    <property name="surefire.test.class.path" value="G:\BaiduNetdiskDownload\heima-workspace\xc-service-provider\target\test-classes;G:\BaiduNetdiskDownload\heima-workspace\xc-service-provider\target\classes;G:\BaiduNetdiskDownload\repository3\com\xuecheng\xc-service-api\1.0-SNAPSHOT\xc-service-api-1.0-SNAPSHOT.jar;G:\BaiduNetdiskDownload\repository3\commons-fileupload\commons-fileupload\1.3.3\commons-fileupload-1.3.3.jar;G:\BaiduNetdiskDownload\repository3\io\springfox\springfox-swagger2\2.7.0\springfox-swagger2-2.7.0.jar;G:\BaiduNetdiskDownload\repository3\io\swagger\swagger-annotations\1.5.13\swagger-annotations-1.5.13.jar;G:\BaiduNetdiskDownload\repository3\io\swagger\swagger-models\1.5.13\swagger-models-1.5.13.jar;G:\BaiduNetdiskDownload\repository3\io\springfox\springfox-spi\2.7.0\springfox-spi-2.7.0.jar;G:\BaiduNetdiskDownload\repository3\io\springfox\springfox-core\2.7.0\springfox-core-2.7.0.jar;G:\BaiduNetdiskDownload\repository3\io\springfox\springfox-schema\2.7.0\springfox-schema-2.7.0.jar;G:\BaiduNetdiskDownload\repository3\io\springfox\springfox-swagger-common\2.7.0\springfox-swagger-common-2.7.0.jar;G:\BaiduNetdiskDownload\repository3\io\springfox\springfox-spring-web\2.7.0\springfox-spring-web-2.7.0.jar;G:\BaiduNetdiskDownload\repository3\org\reflections\reflections\0.9.11\reflections-0.9.11.jar;G:\BaiduNetdiskDownload\repository3\com\fasterxml\classmate\1.3.4\classmate-1.3.4.jar;G:\BaiduNetdiskDownload\repository3\org\springframework\plugin\spring-plugin-core\1.2.0.RELEASE\spring-plugin-core-1.2.0.RELEASE.jar;G:\BaiduNetdiskDownload\repository3\org\springframework\plugin\spring-plugin-metadata\1.2.0.RELEASE\spring-plugin-metadata-1.2.0.RELEASE.jar;G:\BaiduNetdiskDownload\repository3\org\mapstruct\mapstruct\1.1.0.Final\mapstruct-1.1.0.Final.jar;G:\BaiduNetdiskDownload\repository3\io\springfox\springfox-swagger-ui\2.7.0\springfox-swagger-ui-2.7.0.jar;G:\BaiduNetdiskDownload\repository3\com\alibaba\fastjson\1.2.30\fastjson-1.2.30.jar;G:\BaiduNetdiskDownload\repository3\commons-io\commons-io\2.6\commons-io-2.6.jar;G:\BaiduNetdiskDownload\repository3\org\apache\commons\commons-lang3\3.6\commons-lang3-3.6.jar;G:\BaiduNetdiskDownload\heima-workspace\xc-framework-model\target\xc-framework-model-1.0-SNAPSHOT.jar;G:\BaiduNetdiskDownload\repository3\org\projectlombok\lombok\1.16.16\lombok-1.16.16.jar;G:\BaiduNetdiskDownload\repository3\org\springframework\data\spring-data-commons\2.0.6.RELEASE\spring-data-commons-2.0.6.RELEASE.jar;G:\BaiduNetdiskDownload\repository3\org\springframework\spring-beans\5.0.5.RELEASE\spring-beans-5.0.5.RELEASE.jar;G:\BaiduNetdiskDownload\repository3\org\springframework\data\spring-data-mongodb\2.0.6.RELEASE\spring-data-mongodb-2.0.6.RELEASE.jar;G:\BaiduNetdiskDownload\repository3\org\springframework\spring-tx\5.0.5.RELEASE\spring-tx-5.0.5.RELEASE.jar;G:\BaiduNetdiskDownload\repository3\org\springframework\spring-context\5.0.5.RELEASE\spring-context-5.0.5.RELEASE.jar;G:\BaiduNetdiskDownload\repository3\org\springframework\spring-expression\5.0.5.RELEASE\spring-expression-5.0.5.RELEASE.jar;G:\BaiduNetdiskDownload\repository3\org\mongodb\mongo-java-driver\3.6.3\mongo-java-driver-3.6.3.jar;G:\BaiduNetdiskDownload\repository3\org\hibernate\hibernate-core\5.2.16.Final\hibernate-core-5.2.16.Final.jar;G:\BaiduNetdiskDownload\repository3\org\jboss\logging\jboss-logging\3.3.2.Final\jboss-logging-3.3.2.Final.jar;G:\BaiduNetdiskDownload\repository3\org\hibernate\javax\persistence\hibernate-jpa-2.1-api\1.0.0.Final\hibernate-jpa-2.1-api-1.0.0.Final.jar;G:\BaiduNetdiskDownload\repository3\org\javassist\javassist\3.22.0-GA\javassist-3.22.0-GA.jar;G:\BaiduNetdiskDownload\repository3\antlr\antlr\2.7.7\antlr-2.7.7.jar;G:\BaiduNetdiskDownload\repository3\org\jboss\spec\javax\transaction\jboss-transaction-api_1.2_spec\1.0.1.Final\jboss-transaction-api_1.2_spec-1.0.1.Final.jar;G:\BaiduNetdiskDownload\repository3\org\jboss\jandex\2.0.3.Final\jandex-2.0.3.Final.jar;G:\BaiduNetdiskDownload\repository3\dom4j\dom4j\1.6.1\dom4j-1.6.1.jar;G:\BaiduNetdiskDownload\repository3\org\hibernate\common\hibernate-commons-annotations\5.0.1.Final\hibernate-commons-annotations-5.0.1.Final.jar;G:\BaiduNetdiskDownload\repository3\com\google\guava\guava\24.0-jre\guava-24.0-jre.jar;G:\BaiduNetdiskDownload\repository3\com\google\code\findbugs\jsr305\1.3.9\jsr305-1.3.9.jar;G:\BaiduNetdiskDownload\repository3\org\checkerframework\checker-compat-qual\2.0.0\checker-compat-qual-2.0.0.jar;G:\BaiduNetdiskDownload\repository3\com\google\errorprone\error_prone_annotations\2.1.3\error_prone_annotations-2.1.3.jar;G:\BaiduNetdiskDownload\repository3\com\google\j2objc\j2objc-annotations\1.1\j2objc-annotations-1.1.jar;G:\BaiduNetdiskDownload\repository3\org\codehaus\mojo\animal-sniffer-annotations\1.14\animal-sniffer-annotations-1.14.jar;G:\BaiduNetdiskDownload\heima-workspace\xc-framework-utils\target\xc-framework-utils-1.0-SNAPSHOT.jar;G:\BaiduNetdiskDownload\repository3\javax\servlet\javax.servlet-api\3.1.0\javax.servlet-api-3.1.0.jar;G:\BaiduNetdiskDownload\repository3\org\springframework\boot\spring-boot-starter-logging\2.0.1.RELEASE\spring-boot-starter-logging-2.0.1.RELEASE.jar;G:\BaiduNetdiskDownload\repository3\ch\qos\logback\logback-classic\1.2.3\logback-classic-1.2.3.jar;G:\BaiduNetdiskDownload\repository3\ch\qos\logback\logback-core\1.2.3\logback-core-1.2.3.jar;G:\BaiduNetdiskDownload\repository3\org\apache\logging\log4j\log4j-to-slf4j\2.10.0\log4j-to-slf4j-2.10.0.jar;G:\BaiduNetdiskDownload\repository3\org\apache\logging\log4j\log4j-api\2.10.0\log4j-api-2.10.0.jar;G:\BaiduNetdiskDownload\repository3\org\slf4j\jul-to-slf4j\1.7.25\jul-to-slf4j-1.7.25.jar;G:\BaiduNetdiskDownload\repository3\org\apache\httpcomponents\httpclient\4.5.5\httpclient-4.5.5.jar;G:\BaiduNetdiskDownload\repository3\org\apache\httpcomponents\httpcore\4.4.9\httpcore-4.4.9.jar;G:\BaiduNetdiskDownload\repository3\commons-codec\commons-codec\1.10\commons-codec-1.10.jar;G:\BaiduNetdiskDownload\repository3\net\lingala\zip4j\zip4j\1.3.1\zip4j-1.3.1.jar;G:\BaiduNetdiskDownload\repository3\org\springframework\security\spring-security-crypto\5.0.4.RELEASE\spring-security-crypto-5.0.4.RELEASE.jar;G:\BaiduNetdiskDownload\repository3\org\springframework\security\spring-security-jwt\1.0.8.RELEASE\spring-security-jwt-1.0.8.RELEASE.jar;G:\BaiduNetdiskDownload\repository3\org\bouncycastle\bcpkix-jdk15on\1.56\bcpkix-jdk15on-1.56.jar;G:\BaiduNetdiskDownload\repository3\org\bouncycastle\bcprov-jdk15on\1.56\bcprov-jdk15on-1.56.jar;G:\BaiduNetdiskDownload\repository3\org\springframework\spring-core\5.0.5.RELEASE\spring-core-5.0.5.RELEASE.jar;G:\BaiduNetdiskDownload\repository3\org\springframework\spring-jcl\5.0.5.RELEASE\spring-jcl-5.0.5.RELEASE.jar;G:\BaiduNetdiskDownload\repository3\com\google\code\gson\gson\2.8.2\gson-2.8.2.jar;G:\BaiduNetdiskDownload\repository3\com\fasterxml\jackson\core\jackson-databind\2.9.5\jackson-databind-2.9.5.jar;G:\BaiduNetdiskDownload\repository3\com\fasterxml\jackson\core\jackson-annotations\2.9.0\jackson-annotations-2.9.0.jar;G:\BaiduNetdiskDownload\repository3\com\fasterxml\jackson\core\jackson-core\2.9.5\jackson-core-2.9.5.jar;G:\BaiduNetdiskDownload\repository3\org\springframework\spring-web\5.0.5.RELEASE\spring-web-5.0.5.RELEASE.jar;G:\BaiduNetdiskDownload\repository3\net\oschina\zcx7878\fastdfs-client-java\1.27.0.0\fastdfs-client-java-1.27.0.0.jar;G:\BaiduNetdiskDownload\heima-workspace\xc-framework-common\target\xc-framework-common-1.0-SNAPSHOT.jar;G:\BaiduNetdiskDownload\repository3\org\jodd\jodd-bean\3.8.6\jodd-bean-3.8.6.jar;G:\BaiduNetdiskDownload\repository3\org\jodd\jodd-core\3.8.6\jodd-core-3.8.6.jar;G:\BaiduNetdiskDownload\repository3\org\apache\poi\poi\3.10-beta1\poi-3.10-beta1.jar;G:\BaiduNetdiskDownload\repository3\org\apache\poi\poi-ooxml\3.10-FINAL\poi-ooxml-3.10-FINAL.jar;G:\BaiduNetdiskDownload\repository3\org\apache\poi\poi-ooxml-schemas\3.10-FINAL\poi-ooxml-schemas-3.10-FINAL.jar;G:\BaiduNetdiskDownload\repository3\org\apache\xmlbeans\xmlbeans\2.3.0\xmlbeans-2.3.0.jar;G:\BaiduNetdiskDownload\repository3\stax\stax-api\1.0.1\stax-api-1.0.1.jar;G:\BaiduNetdiskDownload\repository3\net\sourceforge\jexcelapi\jxl\2.6.12\jxl-2.6.12.jar;G:\BaiduNetdiskDownload\repository3\log4j\log4j\1.2.14\log4j-1.2.14.jar;G:\BaiduNetdiskDownload\repository3\org\springframework\boot\spring-boot-starter-web\2.0.1.RELEASE\spring-boot-starter-web-2.0.1.RELEASE.jar;G:\BaiduNetdiskDownload\repository3\org\springframework\boot\spring-boot-starter\2.0.1.RELEASE\spring-boot-starter-2.0.1.RELEASE.jar;G:\BaiduNetdiskDownload\repository3\javax\annotation\javax.annotation-api\1.3.2\javax.annotation-api-1.3.2.jar;G:\BaiduNetdiskDownload\repository3\org\yaml\snakeyaml\1.19\snakeyaml-1.19.jar;G:\BaiduNetdiskDownload\repository3\org\springframework\boot\spring-boot-starter-json\2.0.1.RELEASE\spring-boot-starter-json-2.0.1.RELEASE.jar;G:\BaiduNetdiskDownload\repository3\com\fasterxml\jackson\datatype\jackson-datatype-jdk8\2.9.5\jackson-datatype-jdk8-2.9.5.jar;G:\BaiduNetdiskDownload\repository3\com\fasterxml\jackson\datatype\jackson-datatype-jsr310\2.9.5\jackson-datatype-jsr310-2.9.5.jar;G:\BaiduNetdiskDownload\repository3\com\fasterxml\jackson\module\jackson-module-parameter-names\2.9.5\jackson-module-parameter-names-2.9.5.jar;G:\BaiduNetdiskDownload\repository3\org\springframework\boot\spring-boot-starter-tomcat\2.0.1.RELEASE\spring-boot-starter-tomcat-2.0.1.RELEASE.jar;G:\BaiduNetdiskDownload\repository3\org\apache\tomcat\embed\tomcat-embed-core\8.5.28\tomcat-embed-core-8.5.28.jar;G:\BaiduNetdiskDownload\repository3\org\apache\tomcat\embed\tomcat-embed-el\8.5.28\tomcat-embed-el-8.5.28.jar;G:\BaiduNetdiskDownload\repository3\org\apache\tomcat\embed\tomcat-embed-websocket\8.5.28\tomcat-embed-websocket-8.5.28.jar;G:\BaiduNetdiskDownload\repository3\org\hibernate\validator\hibernate-validator\6.0.9.Final\hibernate-validator-6.0.9.Final.jar;G:\BaiduNetdiskDownload\repository3\javax\validation\validation-api\2.0.1.Final\validation-api-2.0.1.Final.jar;G:\BaiduNetdiskDownload\repository3\org\springframework\spring-webmvc\5.0.5.RELEASE\spring-webmvc-5.0.5.RELEASE.jar;G:\BaiduNetdiskDownload\repository3\org\springframework\spring-aop\5.0.5.RELEASE\spring-aop-5.0.5.RELEASE.jar;G:\BaiduNetdiskDownload\repository3\org\springframework\boot\spring-boot-starter-freemarker\2.0.1.RELEASE\spring-boot-starter-freemarker-2.0.1.RELEASE.jar;G:\BaiduNetdiskDownload\repository3\org\freemarker\freemarker\2.3.28\freemarker-2.3.28.jar;G:\BaiduNetdiskDownload\repository3\org\springframework\spring-context-support\5.0.5.RELEASE\spring-context-support-5.0.5.RELEASE.jar;G:\BaiduNetdiskDownload\repository3\org\springframework\boot\spring-boot-starter-amqp\2.0.1.RELEASE\spring-boot-starter-amqp-2.0.1.RELEASE.jar;G:\BaiduNetdiskDownload\repository3\org\springframework\spring-messaging\5.0.5.RELEASE\spring-messaging-5.0.5.RELEASE.jar;G:\BaiduNetdiskDownload\repository3\org\springframework\amqp\spring-rabbit\2.0.3.RELEASE\spring-rabbit-2.0.3.RELEASE.jar;G:\BaiduNetdiskDownload\repository3\org\springframework\amqp\spring-amqp\2.0.3.RELEASE\spring-amqp-2.0.3.RELEASE.jar;G:\BaiduNetdiskDownload\repository3\com\rabbitmq\amqp-client\5.1.2\amqp-client-5.1.2.jar;G:\BaiduNetdiskDownload\repository3\com\rabbitmq\http-client\2.0.1.RELEASE\http-client-2.0.1.RELEASE.jar;G:\BaiduNetdiskDownload\repository3\org\springframework\spring-webflux\5.0.5.RELEASE\spring-webflux-5.0.5.RELEASE.jar;G:\BaiduNetdiskDownload\repository3\io\projectreactor\reactor-core\3.1.6.RELEASE\reactor-core-3.1.6.RELEASE.jar;G:\BaiduNetdiskDownload\repository3\org\reactivestreams\reactive-streams\1.0.2\reactive-streams-1.0.2.jar;G:\BaiduNetdiskDownload\repository3\io\projectreactor\ipc\reactor-netty\0.7.6.RELEASE\reactor-netty-0.7.6.RELEASE.jar;G:\BaiduNetdiskDownload\repository3\io\netty\netty-codec-http\4.1.23.Final\netty-codec-http-4.1.23.Final.jar;G:\BaiduNetdiskDownload\repository3\io\netty\netty-codec\4.1.23.Final\netty-codec-4.1.23.Final.jar;G:\BaiduNetdiskDownload\repository3\io\netty\netty-handler\4.1.23.Final\netty-handler-4.1.23.Final.jar;G:\BaiduNetdiskDownload\repository3\io\netty\netty-buffer\4.1.23.Final\netty-buffer-4.1.23.Final.jar;G:\BaiduNetdiskDownload\repository3\io\netty\netty-transport\4.1.23.Final\netty-transport-4.1.23.Final.jar;G:\BaiduNetdiskDownload\repository3\io\netty\netty-resolver\4.1.23.Final\netty-resolver-4.1.23.Final.jar;G:\BaiduNetdiskDownload\repository3\io\netty\netty-handler-proxy\4.1.23.Final\netty-handler-proxy-4.1.23.Final.jar;G:\BaiduNetdiskDownload\repository3\io\netty\netty-codec-socks\4.1.23.Final\netty-codec-socks-4.1.23.Final.jar;G:\BaiduNetdiskDownload\repository3\io\netty\netty-transport-native-epoll\4.1.23.Final\netty-transport-native-epoll-4.1.23.Final.jar;G:\BaiduNetdiskDownload\repository3\io\netty\netty-common\4.1.23.Final\netty-common-4.1.23.Final.jar;G:\BaiduNetdiskDownload\repository3\io\netty\netty-transport-native-unix-common\4.1.23.Final\netty-transport-native-unix-common-4.1.23.Final.jar;G:\BaiduNetdiskDownload\repository3\org\springframework\retry\spring-retry\1.2.2.RELEASE\spring-retry-1.2.2.RELEASE.jar;G:\BaiduNetdiskDownload\repository3\com\squareup\okhttp3\okhttp\3.9.1\okhttp-3.9.1.jar;G:\BaiduNetdiskDownload\repository3\com\squareup\okio\okio\1.13.0\okio-1.13.0.jar;G:\BaiduNetdiskDownload\repository3\com\github\pagehelper\pagehelper-spring-boot-starter\1.2.4\pagehelper-spring-boot-starter-1.2.4.jar;G:\BaiduNetdiskDownload\repository3\com\github\pagehelper\pagehelper-spring-boot-autoconfigure\1.2.4\pagehelper-spring-boot-autoconfigure-1.2.4.jar;G:\BaiduNetdiskDownload\repository3\com\github\pagehelper\pagehelper\5.1.3\pagehelper-5.1.3.jar;G:\BaiduNetdiskDownload\repository3\com\github\jsqlparser\jsqlparser\1.0\jsqlparser-1.0.jar;G:\BaiduNetdiskDownload\repository3\org\springframework\boot\spring-boot-starter-test\2.0.1.RELEASE\spring-boot-starter-test-2.0.1.RELEASE.jar;G:\BaiduNetdiskDownload\repository3\org\springframework\boot\spring-boot-test\2.0.1.RELEASE\spring-boot-test-2.0.1.RELEASE.jar;G:\BaiduNetdiskDownload\repository3\org\springframework\boot\spring-boot-test-autoconfigure\2.0.1.RELEASE\spring-boot-test-autoconfigure-2.0.1.RELEASE.jar;G:\BaiduNetdiskDownload\repository3\com\jayway\jsonpath\json-path\2.4.0\json-path-2.4.0.jar;G:\BaiduNetdiskDownload\repository3\net\minidev\json-smart\2.3\json-smart-2.3.jar;G:\BaiduNetdiskDownload\repository3\net\minidev\accessors-smart\1.2\accessors-smart-1.2.jar;G:\BaiduNetdiskDownload\repository3\org\ow2\asm\asm\5.0.4\asm-5.0.4.jar;G:\BaiduNetdiskDownload\repository3\junit\junit\4.12\junit-4.12.jar;G:\BaiduNetdiskDownload\repository3\org\assertj\assertj-core\3.9.1\assertj-core-3.9.1.jar;G:\BaiduNetdiskDownload\repository3\org\mockito\mockito-core\2.15.0\mockito-core-2.15.0.jar;G:\BaiduNetdiskDownload\repository3\net\bytebuddy\byte-buddy\1.7.11\byte-buddy-1.7.11.jar;G:\BaiduNetdiskDownload\repository3\net\bytebuddy\byte-buddy-agent\1.7.11\byte-buddy-agent-1.7.11.jar;G:\BaiduNetdiskDownload\repository3\org\objenesis\objenesis\2.6\objenesis-2.6.jar;G:\BaiduNetdiskDownload\repository3\org\hamcrest\hamcrest-core\1.3\hamcrest-core-1.3.jar;G:\BaiduNetdiskDownload\repository3\org\hamcrest\hamcrest-library\1.3\hamcrest-library-1.3.jar;G:\BaiduNetdiskDownload\repository3\org\skyscreamer\jsonassert\1.5.0\jsonassert-1.5.0.jar;G:\BaiduNetdiskDownload\repository3\com\vaadin\external\google\android-json\0.0.20131108.vaadin1\android-json-0.0.20131108.vaadin1.jar;G:\BaiduNetdiskDownload\repository3\org\springframework\spring-test\5.0.5.RELEASE\spring-test-5.0.5.RELEASE.jar;G:\BaiduNetdiskDownload\repository3\org\xmlunit\xmlunit-core\2.5.1\xmlunit-core-2.5.1.jar;G:\BaiduNetdiskDownload\repository3\org\mybatis\spring\boot\mybatis-spring-boot-starter\1.1.1\mybatis-spring-boot-starter-1.1.1.jar;G:\BaiduNetdiskDownload\repository3\org\mybatis\spring\boot\mybatis-spring-boot-autoconfigure\1.1.1\mybatis-spring-boot-autoconfigure-1.1.1.jar;G:\BaiduNetdiskDownload\repository3\org\mybatis\mybatis\3.4.0\mybatis-3.4.0.jar;G:\BaiduNetdiskDownload\repository3\org\mybatis\mybatis-spring\1.3.0\mybatis-spring-1.3.0.jar;G:\BaiduNetdiskDownload\repository3\org\springframework\boot\spring-boot-starter-jdbc\2.0.1.RELEASE\spring-boot-starter-jdbc-2.0.1.RELEASE.jar;G:\BaiduNetdiskDownload\repository3\com\zaxxer\HikariCP\2.7.8\HikariCP-2.7.8.jar;G:\BaiduNetdiskDownload\repository3\org\springframework\spring-jdbc\5.0.5.RELEASE\spring-jdbc-5.0.5.RELEASE.jar;G:\BaiduNetdiskDownload\repository3\mysql\mysql-connector-java\5.1.40\mysql-connector-java-5.1.40.jar;G:\BaiduNetdiskDownload\repository3\org\springframework\boot\spring-boot-devtools\2.0.1.RELEASE\spring-boot-devtools-2.0.1.RELEASE.jar;G:\BaiduNetdiskDownload\repository3\org\springframework\boot\spring-boot\2.0.1.RELEASE\spring-boot-2.0.1.RELEASE.jar;G:\BaiduNetdiskDownload\repository3\org\springframework\boot\spring-boot-autoconfigure\2.0.1.RELEASE\spring-boot-autoconfigure-2.0.1.RELEASE.jar;G:\BaiduNetdiskDownload\repository3\com\alibaba\druid-spring-boot-starter\1.1.9\druid-spring-boot-starter-1.1.9.jar;G:\BaiduNetdiskDownload\repository3\com\alibaba\druid\1.1.6\druid-1.1.6.jar;G:\BaiduNetdiskDownload\repository3\org\slf4j\slf4j-api\1.7.10\slf4j-api-1.7.10.jar;"/>
    <property name="sun.cpu.endian" value="little"/>
    <property name="user.home" value="C:\Users\LZY"/>
    <property name="user.language" value="zh"/>
    <property name="java.specification.vendor" value="Oracle Corporation"/>
    <property name="java.home" value="E:\java\jdk1.8.0_131\jre"/>
    <property name="basedir" value="G:\BaiduNetdiskDownload\heima-workspace\xc-service-provider"/>
    <property name="file.separator" value="\"/>
    <property name="line.separator" value="&#10;"/>
    <property name="java.vm.specification.vendor" value="Oracle Corporation"/>
    <property name="java.specification.name" value="Java Platform API Specification"/>
    <property name="java.awt.graphicsenv" value="sun.awt.Win32GraphicsEnvironment"/>
    <property name="surefire.real.class.path" value="C:\Users\LZY\AppData\Local\Temp\surefire7468737754766244945\surefirebooter4997745106285850092.jar"/>
    <property name="sun.boot.class.path" value="E:\java\jdk1.8.0_131\jre\lib\resources.jar;E:\java\jdk1.8.0_131\jre\lib\rt.jar;E:\java\jdk1.8.0_131\jre\lib\sunrsasign.jar;E:\java\jdk1.8.0_131\jre\lib\jsse.jar;E:\java\jdk1.8.0_131\jre\lib\jce.jar;E:\java\jdk1.8.0_131\jre\lib\charsets.jar;E:\java\jdk1.8.0_131\jre\lib\jfr.jar;E:\java\jdk1.8.0_131\jre\classes"/>
    <property name="user.script" value=""/>
    <property name="sun.management.compiler" value="HotSpot 64-Bit Tiered Compilers"/>
    <property name="java.runtime.version" value="1.8.0_131-b11"/>
    <property name="user.name" value="LZY"/>
    <property name="path.separator" value=";"/>
    <property name="os.version" value="10.0"/>
    <property name="java.endorsed.dirs" value="E:\java\jdk1.8.0_131\jre\lib\endorsed"/>
    <property name="java.runtime.name" value="Java(TM) SE Runtime Environment"/>
    <property name="file.encoding" value="GBK"/>
    <property name="java.vm.name" value="Java HotSpot(TM) 64-Bit Server VM"/>
    <property name="localRepository" value="G:\BaiduNetdiskDownload\repository3"/>
    <property name="java.vendor.url.bug" value="http://bugreport.sun.com/bugreport/"/>
    <property name="java.io.tmpdir" value="C:\Users\LZY\AppData\Local\Temp\"/>
    <property name="java.version" value="1.8.0_131"/>
    <property name="user.dir" value="G:\BaiduNetdiskDownload\heima-workspace\xc-service-provider"/>
    <property name="os.arch" value="amd64"/>
    <property name="java.vm.specification.name" value="Java Virtual Machine Specification"/>
    <property name="java.awt.printerjob" value="sun.awt.windows.WPrinterJob"/>
    <property name="sun.os.patch.level" value=""/>
    <property name="java.library.path" value="E:\java\jdk1.8.0_131\jre\bin;C:\Windows\Sun\Java\bin;C:\Windows\system32;C:\Windows;C:\Windows\system32;C:\Windows;C:\Windows\System32\Wbem;C:\Windows\System32\WindowsPowerShell\v1.0\;C:\Windows\System32\OpenSSH\;E:\java\jdk1.8\bin;E:\java\jdk1.8\jre\bin;E:\apache-maven-3.2.5\bin;D:\toolsbars\Git\cmd;E:\TortoiseSVN\bin;C:\Program Files\Docker\Docker\resources\bin;C:\ProgramData\DockerDesktop\version-bin;C:\Program Files\TortoiseGit\bin;C:\Users\LZY\AppData\Local\Microsoft\WindowsApps;C:\Users\LZY\AppData\Local\BypassRuntm;."/>
    <property name="idea.version2019.3.2" value="true"/>
    <property name="java.vm.info" value="mixed mode"/>
    <property name="java.vendor" value="Oracle Corporation"/>
    <property name="java.vm.version" value="25.131-b11"/>
    <property name="java.ext.dirs" value="E:\java\jdk1.8.0_131\jre\lib\ext;C:\Windows\Sun\Java\lib\ext"/>
    <property name="sun.io.unicode.encoding" value="UnicodeLittle"/>
    <property name="java.class.version" value="52.0"/>
  </properties>
  <testcase name="test1" classname="com.xuecheng.test.DemoTest" time="1.247"/>
</testsuite>